<?xml version="1.0" encoding="UTF-8"?>
<testsuite xmlns:xsi="http://www.w3.org/2001/XMLSchema-instance" xsi:noNamespaceSchemaLocation="https://maven.apache.org/surefire/maven-surefire-plugin/xsd/surefire-test-report.xsd" version="3.0.2" name="com.api.gateway.GatewayApplicationTests" time="8.656" tests="1" errors="0" skipped="0" failures="0" flakes="0">
  <properties>
[...]
</properties>
  <testcase name="contextLoads" classname="com.api.gateway.GatewayApplicationTests" time="1.083">
    <system-out><![CDATA[20:32:01.954 [main] INFO org.springframework.test.context.support.AnnotationConfigContextLoaderUtils -- Could not detect default configuration classes for test class [com.api.gateway.GatewayApplicationTests]: GatewayApplicationTests does not declare any static, non-private, non-final, nested classes annotated with @Configuration.
20:32:02.265 [main] INFO org.springframework.boot.test.context.SpringBootTestContextBootstrapper -- Found @SpringBootConfiguration com.api.gateway.GatewayApplication for test class com.api.gateway.GatewayApplicationTests

  .   ____          _            __ _ _
 /\\ / ___'_ __ _ _(_)_ __  __ _ \ \ \ \
( ( )\___ | '_ | '_| | '_ \/ _` | \ \ \ \
 \\/  ___)| |_)| | | | | || (_| |  ) ) ) )
  '  |____| .__|_| |_|_| |_\__, | / / / /
 =========|_|==============|___/=/_/_/_/

 :: Spring Boot ::               (v3.5.15)

2026-08-12T20:32:04.296Z  INFO 68613 --- [api-gateway] [           main] c.api.gateway.GatewayApplicationTests    : Starting GatewayApplicationTests using Java 17.0.20 with PID 68613 (started by vscode in /workspaces/loan-tool/api-gateway)
2026-08-12T20:32:04.299Z  INFO 68613 --- [api-gateway] [           main] c.api.gateway.GatewayApplicationTests    : No active profile set, falling back to 1 default profile: "default"
2026-08-12T20:32:04.372Z  INFO 68613 --- [api-gateway] [           main] o.s.c.c.c.ConfigServerConfigDataLoader   : Fetching config from server at : http://localhost:8888
2026-08-12T20:32:04.373Z  INFO 68613 --- [api-gateway] [           main] o.s.c.c.c.ConfigServerConfigDataLoader   : Located environment: name=api-gateway, profiles=[default], label=null, version=null, state=null
2026-08-12T20:32:06.579Z  INFO 68613 --- [api-gateway] [           main] o.s.cloud.context.scope.GenericScope     : BeanFactory id=e5007f75-9189-3276-87a6-5e9a1e4b90e6
2026-08-12T20:32:08.300Z  INFO 68613 --- [api-gateway] [           main] DiscoveryClientOptionalArgsConfiguration : Eureka HTTP Client uses RestTemplate.
2026-08-12T20:32:08.591Z  WARN 68613 --- [api-gateway] [           main] iguration$LoadBalancerCaffeineWarnLogger : Spring Cloud LoadBalancer is currently working with the default cache. While this cache implementation is useful for development and tests, it's recommended to use Caffeine cache in production.You can switch to using Caffeine cache, by adding it and org.springframework.cache.caffeine.CaffeineCacheManager to the classpath.
2026-08-12T20:32:08.600Z  INFO 68613 --- [api-gateway] [           main] o.s.b.a.e.web.EndpointLinksResolver      : Exposing 2 endpoints beneath base path '/actuator'
2026-08-12T20:32:08.669Z  INFO 68613 --- [api-gateway] [           main] o.s.c.n.eureka.InstanceInfoFactory       : Setting initial instance status as: STARTING
2026-08-12T20:32:08.695Z  INFO 68613 --- [api-gateway] [           main] com.netflix.discovery.DiscoveryClient    : Initializing Eureka in region us-east-1
2026-08-12T20:32:08.700Z  INFO 68613 --- [api-gateway] [           main] c.n.d.s.r.aws.ConfigClusterResolver      : Resolving eureka endpoints via configuration
2026-08-12T20:32:08.708Z  INFO 68613 --- [api-gateway] [           main] com.netflix.discovery.DiscoveryClient    : Disable delta property : false
2026-08-12T20:32:08.708Z  INFO 68613 --- [api-gateway] [           main] com.netflix.discovery.DiscoveryClient    : Single vip registry refresh property : null
2026-08-12T20:32:08.708Z  INFO 68613 --- [api-gateway] [           main] com.netflix.discovery.DiscoveryClient    : Force full registry fetch : false
2026-08-12T20:32:08.708Z  INFO 68613 --- [api-gateway] [           main] com.netflix.discovery.DiscoveryClient    : Application is null : false
2026-08-12T20:32:08.709Z  INFO 68613 --- [api-gateway] [           main] com.netflix.discovery.DiscoveryClient    : Registered Applications size is zero : true
2026-08-12T20:32:08.709Z  INFO 68613 --- [api-gateway] [           main] com.netflix.discovery.DiscoveryClient    : Application version is -1: true
2026-08-12T20:32:08.710Z  INFO 68613 --- [api-gateway] [           main] com.netflix.discovery.DiscoveryClient    : Getting all instance registry info from the eureka server
2026-08-12T20:32:09.022Z  INFO 68613 --- [api-gateway] [           main] com.netflix.discovery.DiscoveryClient    : The response status is 200
2026-08-12T20:32:09.026Z  INFO 68613 --- [api-gateway] [           main] com.netflix.discovery.DiscoveryClient    : Starting heartbeat executor: renew interval is: 30
2026-08-12T20:32:09.029Z  INFO 68613 --- [api-gateway] [           main] c.n.discovery.InstanceInfoReplicator     : InstanceInfoReplicator onDemand update allowed rate per min is 4
2026-08-12T20:32:09.031Z  INFO 68613 --- [api-gateway] [           main] com.netflix.discovery.DiscoveryClient    : Discovery Client initialized at timestamp 1786566729030 with initial instances count: 4
2026-08-12T20:32:09.035Z  INFO 68613 --- [api-gateway] [           main] o.s.c.n.e.s.EurekaServiceRegistry        : Registering application API-GATEWAY with eureka with status UP
2026-08-12T20:32:09.035Z  INFO 68613 --- [api-gateway] [           main] com.netflix.discovery.DiscoveryClient    : Saw local status change event StatusChangeEvent [timestamp=1786566729035, current=UP, previous=STARTING]
2026-08-12T20:32:09.040Z  INFO 68613 --- [api-gateway] [foReplicator-%d] com.netflix.discovery.DiscoveryClient    : DiscoveryClient_API-GATEWAY/3235c656-c2a4-4c0f-a472-9ebf4a3f2748.internal.cloudapp.net:api-gateway:8080: registering service...
2026-08-12T20:32:09.110Z  INFO 68613 --- [api-gateway] [           main] c.api.gateway.GatewayApplicationTests    : Started GatewayApplicationTests in 6.32 seconds (process running for 8.462)
2026-08-12T20:32:09.132Z  INFO 68613 --- [api-gateway] [foReplicator-%d] com.netflix.discovery.DiscoveryClient    : DiscoveryClient_API-GATEWAY/3235c656-c2a4-4c0f-a472-9ebf4a3f2748.internal.cloudapp.net:api-gateway:8080 - registration status: 204
]]></system-out>
  </testcase>
</testsuite>