<?xml version="1.0" encoding="UTF-8"?>
<testsuite xmlns:xsi="http://www.w3.org/2001/XMLSchema-instance" xsi:noNamespaceSchemaLocation="https://maven.apache.org/surefire/maven-surefire-plugin/xsd/surefire-test-report.xsd" version="3.0.2" name="com.api.config.ConfigApplicationTests" time="7.612" tests="1" errors="0" skipped="0" failures="0" flakes="0">
  <properties>
[...]
</properties>
  <testcase name="contextLoads" classname="com.api.config.ConfigApplicationTests" time="1.039">
    <system-out><![CDATA[18:53:01.306 [main] INFO org.springframework.test.context.support.AnnotationConfigContextLoaderUtils -- Could not detect default configuration classes for test class [com.api.config.ConfigApplicationTests]: ConfigApplicationTests does not declare any static, non-private, non-final, nested classes annotated with @Configuration.
18:53:01.454 [main] INFO org.springframework.boot.test.context.SpringBootTestContextBootstrapper -- Found @SpringBootConfiguration com.api.config.ConfigApplication for test class com.api.config.ConfigApplicationTests

  .   ____          _            __ _ _
 /\\ / ___'_ __ _ _(_)_ __  __ _ \ \ \ \
( ( )\___ | '_ | '_| | '_ \/ _` | \ \ \ \
 \\/  ___)| |_)| | | | | || (_| |  ) ) ) )
  '  |____| .__|_| |_|_| |_\__, | / / / /
 =========|_|==============|___/=/_/_/_/

 :: Spring Boot ::               (v3.5.15)

2026-08-12T18:53:02.394Z  INFO 13488 --- [config] [           main] com.api.config.ConfigApplicationTests    : Starting ConfigApplicationTests using Java 17.0.20 with PID 13488 (started by vscode in /workspaces/loan-tool/config-server)
2026-08-12T18:53:02.398Z  INFO 13488 --- [config] [           main] com.api.config.ConfigApplicationTests    : The following 1 profile is active: "native"
2026-08-12T18:53:04.566Z  INFO 13488 --- [config] [           main] o.s.cloud.context.scope.GenericScope     : BeanFactory id=82d3241a-183b-3f49-bc33-ae6921c0be6b
2026-08-12T18:53:06.178Z  INFO 13488 --- [config] [           main] DiscoveryClientOptionalArgsConfiguration : Eureka HTTP Client uses RestTemplate.
2026-08-12T18:53:06.542Z  WARN 13488 --- [config] [           main] iguration$LoadBalancerCaffeineWarnLogger : Spring Cloud LoadBalancer is currently working with the default cache. While this cache implementation is useful for development and tests, it's recommended to use Caffeine cache in production.You can switch to using Caffeine cache, by adding it and org.springframework.cache.caffeine.CaffeineCacheManager to the classpath.
2026-08-12T18:53:06.564Z  INFO 13488 --- [config] [           main] o.s.b.a.e.web.EndpointLinksResolver      : Exposing 1 endpoint beneath base path '/actuator'
2026-08-12T18:53:06.654Z  INFO 13488 --- [config] [           main] o.s.c.n.eureka.InstanceInfoFactory       : Setting initial instance status as: STARTING
2026-08-12T18:53:06.681Z  INFO 13488 --- [config] [           main] com.netflix.discovery.DiscoveryClient    : Initializing Eureka in region us-east-1
2026-08-12T18:53:06.686Z  INFO 13488 --- [config] [           main] c.n.d.s.r.aws.ConfigClusterResolver      : Resolving eureka endpoints via configuration
2026-08-12T18:53:06.695Z  INFO 13488 --- [config] [           main] com.netflix.discovery.DiscoveryClient    : Disable delta property : false
2026-08-12T18:53:06.695Z  INFO 13488 --- [config] [           main] com.netflix.discovery.DiscoveryClient    : Single vip registry refresh property : null
2026-08-12T18:53:06.696Z  INFO 13488 --- [config] [           main] com.netflix.discovery.DiscoveryClient    : Force full registry fetch : false
2026-08-12T18:53:06.696Z  INFO 13488 --- [config] [           main] com.netflix.discovery.DiscoveryClient    : Application is null : false
2026-08-12T18:53:06.696Z  INFO 13488 --- [config] [           main] com.netflix.discovery.DiscoveryClient    : Registered Applications size is zero : true
2026-08-12T18:53:06.696Z  INFO 13488 --- [config] [           main] com.netflix.discovery.DiscoveryClient    : Application version is -1: true
2026-08-12T18:53:06.696Z  INFO 13488 --- [config] [           main] com.netflix.discovery.DiscoveryClient    : Getting all instance registry info from the eureka server
2026-08-12T18:53:07.446Z  INFO 13488 --- [config] [           main] com.netflix.discovery.DiscoveryClient    : The response status is 200
2026-08-12T18:53:07.447Z  INFO 13488 --- [config] [           main] com.netflix.discovery.DiscoveryClient    : Starting heartbeat executor: renew interval is: 30
2026-08-12T18:53:07.451Z  INFO 13488 --- [config] [           main] c.n.discovery.InstanceInfoReplicator     : InstanceInfoReplicator onDemand update allowed rate per min is 4
2026-08-12T18:53:07.453Z  INFO 13488 --- [config] [           main] com.netflix.discovery.DiscoveryClient    : Discovery Client initialized at timestamp 1786560787452 with initial instances count: 2
2026-08-12T18:53:07.457Z  INFO 13488 --- [config] [           main] o.s.c.n.e.s.EurekaServiceRegistry        : Registering application CONFIG with eureka with status UP
2026-08-12T18:53:07.458Z  INFO 13488 --- [config] [           main] com.netflix.discovery.DiscoveryClient    : Saw local status change event StatusChangeEvent [timestamp=1786560787458, current=UP, previous=STARTING]
2026-08-12T18:53:07.462Z  INFO 13488 --- [config] [foReplicator-%d] com.netflix.discovery.DiscoveryClient    : DiscoveryClient_CONFIG/3235c656-c2a4-4c0f-a472-9ebf4a3f2748.internal.cloudapp.net:config:8888: registering service...
2026-08-12T18:53:07.555Z  INFO 13488 --- [config] [           main] com.api.config.ConfigApplicationTests    : Started ConfigApplicationTests in 5.656 seconds (process running for 7.437)
2026-08-12T18:53:07.588Z  INFO 13488 --- [config] [foReplicator-%d] com.netflix.discovery.DiscoveryClient    : DiscoveryClient_CONFIG/3235c656-c2a4-4c0f-a472-9ebf4a3f2748.internal.cloudapp.net:config:8888 - registration status: 204
]]></system-out>
  </testcase>
</testsuite>