<?xml version="1.0" encoding="UTF-8"?>
<testsuite xmlns:xsi="http://www.w3.org/2001/XMLSchema-instance" xsi:noNamespaceSchemaLocation="https://maven.apache.org/surefire/maven-surefire-plugin/xsd/surefire-test-report.xsd" version="3.0.2" name="com.api.user.UserApplicationTests" time="11.959" tests="1" errors="0" skipped="0" failures="0" flakes="0">
  <properties>
[...]
</properties>
  <testcase name="contextLoads" classname="com.api.user.UserApplicationTests" time="0.952">
    <system-out><![CDATA[20:13:41.645 [main] INFO org.springframework.test.context.support.AnnotationConfigContextLoaderUtils -- Could not detect default configuration classes for test class [com.api.user.UserApplicationTests]: UserApplicationTests does not declare any static, non-private, non-final, nested classes annotated with @Configuration.
20:13:41.794 [main] INFO org.springframework.boot.test.context.SpringBootTestContextBootstrapper -- Found @SpringBootConfiguration com.api.user.UserApplication for test class com.api.user.UserApplicationTests

  .   ____          _            __ _ _
 /\\ / ___'_ __ _ _(_)_ __  __ _ \ \ \ \
( ( )\___ | '_ | '_| | '_ \/ _` | \ \ \ \
 \\/  ___)| |_)| | | | | || (_| |  ) ) ) )
  '  |____| .__|_| |_|_| |_\__, | / / / /
 =========|_|==============|___/=/_/_/_/

 :: Spring Boot ::               (v3.5.15)

2026-08-12T20:13:43.693Z  INFO 57490 --- [user-service] [           main] com.api.user.UserApplicationTests        : Starting UserApplicationTests using Java 17.0.20 with PID 57490 (started by vscode in /workspaces/loan-tool/user-service)
2026-08-12T20:13:43.696Z  INFO 57490 --- [user-service] [           main] com.api.user.UserApplicationTests        : No active profile set, falling back to 1 default profile: "default"
2026-08-12T20:13:45.524Z  INFO 57490 --- [user-service] [           main] .s.d.r.c.RepositoryConfigurationDelegate : Bootstrapping Spring Data JPA repositories in DEFAULT mode.
2026-08-12T20:13:45.713Z  INFO 57490 --- [user-service] [           main] .s.d.r.c.RepositoryConfigurationDelegate : Finished Spring Data repository scanning in 168 ms. Found 1 JPA repository interface.
2026-08-12T20:13:46.192Z  INFO 57490 --- [user-service] [           main] o.s.cloud.context.scope.GenericScope     : BeanFactory id=5fca55fb-7607-3b5c-8bf1-52a2c5f871f8
2026-08-12T20:13:46.856Z  INFO 57490 --- [user-service] [           main] o.hibernate.jpa.internal.util.LogHelper  : HHH000204: Processing PersistenceUnitInfo [name: default]
2026-08-12T20:13:46.961Z  INFO 57490 --- [user-service] [           main] org.hibernate.Version                    : HHH000412: Hibernate ORM core version 6.6.53.Final
2026-08-12T20:13:47.105Z  INFO 57490 --- [user-service] [           main] o.h.c.internal.RegionFactoryInitiator    : HHH000026: Second-level cache disabled
2026-08-12T20:13:47.570Z  INFO 57490 --- [user-service] [           main] o.s.o.j.p.SpringPersistenceUnitInfo      : No LoadTimeWeaver setup: ignoring JPA class transformer
2026-08-12T20:13:47.611Z  INFO 57490 --- [user-service] [           main] com.zaxxer.hikari.HikariDataSource       : HikariPool-1 - Starting...
2026-08-12T20:13:47.974Z  INFO 57490 --- [user-service] [           main] com.zaxxer.hikari.pool.HikariPool        : HikariPool-1 - Added connection com.mysql.cj.jdbc.ConnectionImpl@3400d6fa
2026-08-12T20:13:47.980Z  INFO 57490 --- [user-service] [           main] com.zaxxer.hikari.HikariDataSource       : HikariPool-1 - Start completed.
2026-08-12T20:13:48.083Z  WARN 57490 --- [user-service] [           main] org.hibernate.orm.deprecation            : HHH90000025: MySQLDialect does not need to be specified explicitly using 'hibernate.dialect' (remove the property setting and it will be selected by default)
2026-08-12T20:13:48.113Z  INFO 57490 --- [user-service] [           main] org.hibernate.orm.connections.pooling    : HHH10001005: Database info:
	Database JDBC URL [Connecting through datasource 'HikariDataSource (HikariPool-1)']
	Database driver: undefined/unknown
	Database version: 8.4.11
	Autocommit mode: undefined/unknown
	Isolation level: undefined/unknown
	Minimum pool size: undefined/unknown
	Maximum pool size: undefined/unknown
2026-08-12T20:13:49.353Z  INFO 57490 --- [user-service] [           main] o.h.e.t.j.p.i.JtaPlatformInitiator       : HHH000489: No JTA platform available (set 'hibernate.transaction.jta.platform' to enable JTA platform integration)
2026-08-12T20:13:49.448Z  INFO 57490 --- [user-service] [           main] j.LocalContainerEntityManagerFactoryBean : Initialized JPA EntityManagerFactory for persistence unit 'default'
2026-08-12T20:13:49.932Z  WARN 57490 --- [user-service] [           main] JpaBaseConfiguration$JpaWebConfiguration : spring.jpa.open-in-view is enabled by default. Therefore, database queries may be performed during view rendering. Explicitly configure spring.jpa.open-in-view to disable this warning
2026-08-12T20:13:50.077Z  WARN 57490 --- [user-service] [           main] .s.s.UserDetailsServiceAutoConfiguration : 

Using generated security password: 42014c00-2ed9-4d87-97f5-3d5e06030525

This generated password is for development use only. Your security configuration must be updated before running your application in production.

2026-08-12T20:13:50.086Z  INFO 57490 --- [user-service] [           main] r$InitializeUserDetailsManagerConfigurer : Global AuthenticationManager configured with UserDetailsService bean with name inMemoryUserDetailsManager
2026-08-12T20:13:51.093Z  INFO 57490 --- [user-service] [           main] DiscoveryClientOptionalArgsConfiguration : Eureka HTTP Client uses RestTemplate.
2026-08-12T20:13:51.144Z  WARN 57490 --- [user-service] [           main] iguration$LoadBalancerCaffeineWarnLogger : Spring Cloud LoadBalancer is currently working with the default cache. While this cache implementation is useful for development and tests, it's recommended to use Caffeine cache in production.You can switch to using Caffeine cache, by adding it and org.springframework.cache.caffeine.CaffeineCacheManager to the classpath.
2026-08-12T20:13:51.170Z  INFO 57490 --- [user-service] [           main] o.s.c.n.eureka.InstanceInfoFactory       : Setting initial instance status as: STARTING
2026-08-12T20:13:51.242Z  INFO 57490 --- [user-service] [           main] com.netflix.discovery.DiscoveryClient    : Initializing Eureka in region us-east-1
2026-08-12T20:13:51.246Z  INFO 57490 --- [user-service] [           main] c.n.d.s.r.aws.ConfigClusterResolver      : Resolving eureka endpoints via configuration
2026-08-12T20:13:51.255Z  INFO 57490 --- [user-service] [           main] com.netflix.discovery.DiscoveryClient    : Disable delta property : false
2026-08-12T20:13:51.255Z  INFO 57490 --- [user-service] [           main] com.netflix.discovery.DiscoveryClient    : Single vip registry refresh property : null
2026-08-12T20:13:51.255Z  INFO 57490 --- [user-service] [           main] com.netflix.discovery.DiscoveryClient    : Force full registry fetch : false
2026-08-12T20:13:51.256Z  INFO 57490 --- [user-service] [           main] com.netflix.discovery.DiscoveryClient    : Application is null : false
2026-08-12T20:13:51.256Z  INFO 57490 --- [user-service] [           main] com.netflix.discovery.DiscoveryClient    : Registered Applications size is zero : true
2026-08-12T20:13:51.256Z  INFO 57490 --- [user-service] [           main] com.netflix.discovery.DiscoveryClient    : Application version is -1: true
2026-08-12T20:13:51.256Z  INFO 57490 --- [user-service] [           main] com.netflix.discovery.DiscoveryClient    : Getting all instance registry info from the eureka server
2026-08-12T20:13:52.112Z  INFO 57490 --- [user-service] [           main] com.netflix.discovery.DiscoveryClient    : The response status is 200
2026-08-12T20:13:52.117Z  INFO 57490 --- [user-service] [           main] com.netflix.discovery.DiscoveryClient    : Starting heartbeat executor: renew interval is: 30
2026-08-12T20:13:52.122Z  INFO 57490 --- [user-service] [           main] c.n.discovery.InstanceInfoReplicator     : InstanceInfoReplicator onDemand update allowed rate per min is 4
2026-08-12T20:13:52.132Z  INFO 57490 --- [user-service] [           main] com.netflix.discovery.DiscoveryClient    : Discovery Client initialized at timestamp 1786565632127 with initial instances count: 4
2026-08-12T20:13:52.146Z  INFO 57490 --- [user-service] [           main] o.s.c.n.e.s.EurekaServiceRegistry        : Registering application USER-SERVICE with eureka with status UP
2026-08-12T20:13:52.148Z  INFO 57490 --- [user-service] [           main] com.netflix.discovery.DiscoveryClient    : Saw local status change event StatusChangeEvent [timestamp=1786565632148, current=UP, previous=STARTING]
2026-08-12T20:13:52.151Z  INFO 57490 --- [user-service] [foReplicator-%d] com.netflix.discovery.DiscoveryClient    : DiscoveryClient_USER-SERVICE/3235c656-c2a4-4c0f-a472-9ebf4a3f2748.internal.cloudapp.net:user-service:8082: registering service...
2026-08-12T20:13:52.223Z  INFO 57490 --- [user-service] [           main] com.api.user.UserApplicationTests        : Started UserApplicationTests in 9.39 seconds (process running for 12.566)
2026-08-12T20:13:52.297Z  INFO 57490 --- [user-service] [foReplicator-%d] com.netflix.discovery.DiscoveryClient    : DiscoveryClient_USER-SERVICE/3235c656-c2a4-4c0f-a472-9ebf4a3f2748.internal.cloudapp.net:user-service:8082 - registration status: 204
]]></system-out>
  </testcase>
</testsuite>