<?xml version="1.0" encoding="UTF-8"?>
<testsuite xmlns:xsi="http://www.w3.org/2001/XMLSchema-instance" xsi:noNamespaceSchemaLocation="https://maven.apache.org/surefire/maven-surefire-plugin/xsd/surefire-test-report.xsd" version="3.0.2" name="com.api.auth.AuthApplicationTests" time="11.032" tests="1" errors="0" skipped="0" failures="0" flakes="0">
  <properties>
[...]
</properties>
  <testcase name="contextLoads" classname="com.api.auth.AuthApplicationTests" time="0.676">
    <system-out><![CDATA[18:26:20.769 [main] INFO org.springframework.test.context.support.AnnotationConfigContextLoaderUtils -- Could not detect default configuration classes for test class [com.api.auth.AuthApplicationTests]: AuthApplicationTests does not declare any static, non-private, non-final, nested classes annotated with @Configuration.
18:26:20.959 [main] INFO org.springframework.boot.test.context.SpringBootTestContextBootstrapper -- Found @SpringBootConfiguration com.api.auth.AuthApplication for test class com.api.auth.AuthApplicationTests

  .   ____          _            __ _ _
 /\\ / ___'_ __ _ _(_)_ __  __ _ \ \ \ \
( ( )\___ | '_ | '_| | '_ \/ _` | \ \ \ \
 \\/  ___)| |_)| | | | | || (_| |  ) ) ) )
  '  |____| .__|_| |_|_| |_\__, | / / / /
 =========|_|==============|___/=/_/_/_/

 :: Spring Boot ::               (v3.5.15)

2026-08-13T18:26:22.288Z  INFO 42202 --- [auth-service] [           main] com.api.auth.AuthApplicationTests        : Starting AuthApplicationTests using Java 17.0.20 with PID 42202 (started by vscode in /workspaces/loan-tool/auth-service)
2026-08-13T18:26:22.292Z  INFO 42202 --- [auth-service] [           main] com.api.auth.AuthApplicationTests        : No active profile set, falling back to 1 default profile: "default"
2026-08-13T18:26:24.309Z  INFO 42202 --- [auth-service] [           main] .s.d.r.c.RepositoryConfigurationDelegate : Bootstrapping Spring Data JPA repositories in DEFAULT mode.
2026-08-13T18:26:24.482Z  INFO 42202 --- [auth-service] [           main] .s.d.r.c.RepositoryConfigurationDelegate : Finished Spring Data repository scanning in 158 ms. Found 1 JPA repository interface.
2026-08-13T18:26:24.902Z  INFO 42202 --- [auth-service] [           main] o.s.cloud.context.scope.GenericScope     : BeanFactory id=7cd3b5f6-6e67-38d0-af8a-db1582aa67af
2026-08-13T18:26:25.460Z  INFO 42202 --- [auth-service] [           main] o.hibernate.jpa.internal.util.LogHelper  : HHH000204: Processing PersistenceUnitInfo [name: default]
2026-08-13T18:26:25.525Z  INFO 42202 --- [auth-service] [           main] org.hibernate.Version                    : HHH000412: Hibernate ORM core version 6.6.53.Final
2026-08-13T18:26:25.567Z  INFO 42202 --- [auth-service] [           main] o.h.c.internal.RegionFactoryInitiator    : HHH000026: Second-level cache disabled
2026-08-13T18:26:25.868Z  INFO 42202 --- [auth-service] [           main] o.s.o.j.p.SpringPersistenceUnitInfo      : No LoadTimeWeaver setup: ignoring JPA class transformer
2026-08-13T18:26:25.907Z  INFO 42202 --- [auth-service] [           main] com.zaxxer.hikari.HikariDataSource       : HikariPool-1 - Starting...
2026-08-13T18:26:26.175Z  INFO 42202 --- [auth-service] [           main] com.zaxxer.hikari.pool.HikariPool        : HikariPool-1 - Added connection com.mysql.cj.jdbc.ConnectionImpl@2f60e66a
2026-08-13T18:26:26.177Z  INFO 42202 --- [auth-service] [           main] com.zaxxer.hikari.HikariDataSource       : HikariPool-1 - Start completed.
2026-08-13T18:26:26.243Z  WARN 42202 --- [auth-service] [           main] org.hibernate.orm.deprecation            : HHH90000025: MySQLDialect does not need to be specified explicitly using 'hibernate.dialect' (remove the property setting and it will be selected by default)
2026-08-13T18:26:26.304Z  INFO 42202 --- [auth-service] [           main] org.hibernate.orm.connections.pooling    : HHH10001005: Database info:
	Database JDBC URL [Connecting through datasource 'HikariDataSource (HikariPool-1)']
	Database driver: undefined/unknown
	Database version: 8.4.11
	Autocommit mode: undefined/unknown
	Isolation level: undefined/unknown
	Minimum pool size: undefined/unknown
	Maximum pool size: undefined/unknown
2026-08-13T18:26:27.392Z  INFO 42202 --- [auth-service] [           main] o.h.e.t.j.p.i.JtaPlatformInitiator       : HHH000489: No JTA platform available (set 'hibernate.transaction.jta.platform' to enable JTA platform integration)
2026-08-13T18:26:27.455Z  INFO 42202 --- [auth-service] [           main] j.LocalContainerEntityManagerFactoryBean : Initialized JPA EntityManagerFactory for persistence unit 'default'
2026-08-13T18:26:28.023Z  INFO 42202 --- [auth-service] [           main] r$InitializeUserDetailsManagerConfigurer : Global AuthenticationManager configured with UserDetailsService bean with name customUserDetailsService
2026-08-13T18:26:28.097Z  WARN 42202 --- [auth-service] [           main] JpaBaseConfiguration$JpaWebConfiguration : spring.jpa.open-in-view is enabled by default. Therefore, database queries may be performed during view rendering. Explicitly configure spring.jpa.open-in-view to disable this warning
2026-08-13T18:26:28.853Z  INFO 42202 --- [auth-service] [           main] o.s.b.a.e.web.EndpointLinksResolver      : Exposing 1 endpoint beneath base path '/actuator'
2026-08-13T18:26:29.714Z  INFO 42202 --- [auth-service] [           main] DiscoveryClientOptionalArgsConfiguration : Eureka HTTP Client uses RestTemplate.
2026-08-13T18:26:29.775Z  WARN 42202 --- [auth-service] [           main] iguration$LoadBalancerCaffeineWarnLogger : Spring Cloud LoadBalancer is currently working with the default cache. While this cache implementation is useful for development and tests, it's recommended to use Caffeine cache in production.You can switch to using Caffeine cache, by adding it and org.springframework.cache.caffeine.CaffeineCacheManager to the classpath.
2026-08-13T18:26:29.894Z  INFO 42202 --- [auth-service] [           main] o.s.c.n.eureka.InstanceInfoFactory       : Setting initial instance status as: STARTING
2026-08-13T18:26:29.929Z  INFO 42202 --- [auth-service] [           main] com.netflix.discovery.DiscoveryClient    : Initializing Eureka in region us-east-1
2026-08-13T18:26:29.934Z  INFO 42202 --- [auth-service] [           main] c.n.d.s.r.aws.ConfigClusterResolver      : Resolving eureka endpoints via configuration
2026-08-13T18:26:29.943Z  INFO 42202 --- [auth-service] [           main] com.netflix.discovery.DiscoveryClient    : Disable delta property : false
2026-08-13T18:26:29.944Z  INFO 42202 --- [auth-service] [           main] com.netflix.discovery.DiscoveryClient    : Single vip registry refresh property : null
2026-08-13T18:26:29.944Z  INFO 42202 --- [auth-service] [           main] com.netflix.discovery.DiscoveryClient    : Force full registry fetch : false
2026-08-13T18:26:29.944Z  INFO 42202 --- [auth-service] [           main] com.netflix.discovery.DiscoveryClient    : Application is null : false
2026-08-13T18:26:29.944Z  INFO 42202 --- [auth-service] [           main] com.netflix.discovery.DiscoveryClient    : Registered Applications size is zero : true
2026-08-13T18:26:29.945Z  INFO 42202 --- [auth-service] [           main] com.netflix.discovery.DiscoveryClient    : Application version is -1: true
2026-08-13T18:26:29.945Z  INFO 42202 --- [auth-service] [           main] com.netflix.discovery.DiscoveryClient    : Getting all instance registry info from the eureka server
2026-08-13T18:26:30.509Z  INFO 42202 --- [auth-service] [           main] com.netflix.discovery.DiscoveryClient    : The response status is 200
2026-08-13T18:26:30.512Z  INFO 42202 --- [auth-service] [           main] com.netflix.discovery.DiscoveryClient    : Starting heartbeat executor: renew interval is: 30
2026-08-13T18:26:30.514Z  INFO 42202 --- [auth-service] [           main] c.n.discovery.InstanceInfoReplicator     : InstanceInfoReplicator onDemand update allowed rate per min is 4
2026-08-13T18:26:30.518Z  INFO 42202 --- [auth-service] [           main] com.netflix.discovery.DiscoveryClient    : Discovery Client initialized at timestamp 1786645590517 with initial instances count: 3
2026-08-13T18:26:30.527Z  INFO 42202 --- [auth-service] [           main] o.s.c.n.e.s.EurekaServiceRegistry        : Registering application AUTH-SERVICE with eureka with status UP
2026-08-13T18:26:30.527Z  INFO 42202 --- [auth-service] [           main] com.netflix.discovery.DiscoveryClient    : Saw local status change event StatusChangeEvent [timestamp=1786645590527, current=UP, previous=STARTING]
2026-08-13T18:26:30.530Z  INFO 42202 --- [auth-service] [foReplicator-%d] com.netflix.discovery.DiscoveryClient    : DiscoveryClient_AUTH-SERVICE/93786a28-27d8-4c82-8309-1dc1c88dbc49.internal.cloudapp.net:auth-service:8081: registering service...
2026-08-13T18:26:30.602Z  INFO 42202 --- [auth-service] [           main] com.api.auth.AuthApplicationTests        : Started AuthApplicationTests in 9.01 seconds (process running for 11.342)
2026-08-13T18:26:30.641Z  INFO 42202 --- [auth-service] [foReplicator-%d] com.netflix.discovery.DiscoveryClient    : DiscoveryClient_AUTH-SERVICE/93786a28-27d8-4c82-8309-1dc1c88dbc49.internal.cloudapp.net:auth-service:8081 - registration status: 204
]]></system-out>
  </testcase>
</testsuite>